{"/app/prettier-diff-checker.js": {"path":"/app/prettier-diff-checker.js","statementMap":{"0":{"start":{"line":3,"column":11},"end":{"line":3,"column":24}},"1":{"start":{"line":4,"column":13},"end":{"line":4,"column":28}},"2":{"start":{"line":5,"column":17},"end":{"line":5,"column":36}},"3":{"start":{"line":6,"column":13},"end":{"line":6,"column":28}},"4":{"start":{"line":10,"column":23},"end":{"line":10,"column":57}},"5":{"start":{"line":11,"column":2},"end":{"line":35,"column":3}},"6":{"start":{"line":12,"column":20},"end":{"line":21,"column":5}},"7":{"start":{"line":23,"column":26},"end":{"line":26,"column":6}},"8":{"start":{"line":28,"column":4},"end":{"line":31,"column":6}},"9":{"start":{"line":33,"column":4},"end":{"line":33,"column":71}},"10":{"start":{"line":34,"column":4},"end":{"line":34,"column":20}},"11":{"start":{"line":39,"column":28},"end":{"line":39,"column":72}},"12":{"start":{"line":40,"column":2},"end":{"line":40,"column":62}},"13":{"start":{"line":41,"column":2},"end":{"line":41,"column":27}},"14":{"start":{"line":45,"column":21},"end":{"line":45,"column":56}},"15":{"start":{"line":46,"column":20},"end":{"line":46,"column":22}},"16":{"start":{"line":47,"column":19},"end":{"line":47,"column":20}},"17":{"start":{"line":49,"column":2},"end":{"line":61,"column":5}},"18":{"start":{"line":50,"column":18},"end":{"line":50,"column":40}},"19":{"start":{"line":51,"column":4},"end":{"line":51,"column":52}},"20":{"start":{"line":51,"column":40},"end":{"line":51,"column":52}},"21":{"start":{"line":53,"column":4},"end":{"line":60,"column":7}},"22":{"start":{"line":54,"column":6},"end":{"line":58,"column":7}},"23":{"start":{"line":55,"column":8},"end":{"line":55,"column":71}},"24":{"start":{"line":56,"column":13},"end":{"line":58,"column":7}},"25":{"start":{"line":57,"column":8},"end":{"line":57,"column":69}},"26":{"start":{"line":59,"column":6},"end":{"line":59,"column":19}},"27":{"start":{"line":63,"column":23},"end":{"line":63,"column":71}},"28":{"start":{"line":64,"column":2},"end":{"line":64,"column":64}},"29":{"start":{"line":65,"column":2},"end":{"line":65,"column":22}},"30":{"start":{"line":69,"column":15},"end":{"line":69,"column":36}},"31":{"start":{"line":70,"column":2},"end":{"line":74,"column":3}},"32":{"start":{"line":71,"column":4},"end":{"line":71,"column":62}},"33":{"start":{"line":72,"column":4},"end":{"line":72,"column":20}},"34":{"start":{"line":73,"column":4},"end":{"line":73,"column":11}},"35":{"start":{"line":76,"column":19},"end":{"line":76,"column":26}},"36":{"start":{"line":77,"column":2},"end":{"line":84,"column":3}},"37":{"start":{"line":81,"column":4},"end":{"line":81,"column":61}},"38":{"start":{"line":82,"column":4},"end":{"line":82,"column":20}},"39":{"start":{"line":83,"column":4},"end":{"line":83,"column":11}},"40":{"start":{"line":86,"column":2},"end":{"line":86,"column":45}},"41":{"start":{"line":87,"column":42},"end":{"line":87,"column":76}},"42":{"start":{"line":89,"column":28},"end":{"line":89,"column":74}},"43":{"start":{"line":90,"column":23},"end":{"line":90,"column":78}},"44":{"start":{"line":92,"column":2},"end":{"line":92,"column":62}},"45":{"start":{"line":93,"column":2},"end":{"line":93,"column":52}},"46":{"start":{"line":97,"column":0},"end":{"line":102,"column":1}},"47":{"start":{"line":98,"column":2},"end":{"line":101,"column":5}},"48":{"start":{"line":99,"column":4},"end":{"line":99,"column":35}},"49":{"start":{"line":100,"column":4},"end":{"line":100,"column":20}},"50":{"start":{"line":105,"column":0},"end":{"line":110,"column":2}}},"fnMap":{"0":{"name":"formatWithPrettier","decl":{"start":{"line":9,"column":15},"end":{"line":9,"column":33}},"loc":{"start":{"line":9,"column":44},"end":{"line":36,"column":1}},"line":9},"1":{"name":"generateFormattedFile","decl":{"start":{"line":38,"column":9},"end":{"line":38,"column":30}},"loc":{"start":{"line":38,"column":56},"end":{"line":42,"column":1}},"line":38},"2":{"name":"generateDiffFile","decl":{"start":{"line":44,"column":9},"end":{"line":44,"column":25}},"loc":{"start":{"line":44,"column":57},"end":{"line":66,"column":1}},"line":44},"3":{"name":"(anonymous_3)","decl":{"start":{"line":49,"column":21},"end":{"line":49,"column":22}},"loc":{"start":{"line":49,"column":31},"end":{"line":61,"column":3}},"line":49},"4":{"name":"(anonymous_4)","decl":{"start":{"line":53,"column":18},"end":{"line":53,"column":19}},"loc":{"start":{"line":53,"column":28},"end":{"line":60,"column":5}},"line":53},"5":{"name":"runCLI","decl":{"start":{"line":68,"column":15},"end":{"line":68,"column":21}},"loc":{"start":{"line":68,"column":24},"end":{"line":94,"column":1}},"line":68},"6":{"name":"(anonymous_6)","decl":{"start":{"line":98,"column":17},"end":{"line":98,"column":18}},"loc":{"start":{"line":98,"column":28},"end":{"line":101,"column":3}},"line":98}},"branchMap":{"0":{"loc":{"start":{"line":12,"column":20},"end":{"line":21,"column":5}},"type":"binary-expr","locations":[{"start":{"line":12,"column":21},"end":{"line":12,"column":59}},{"start":{"line":12,"column":64},"end":{"line":21,"column":5}}],"line":12},"1":{"loc":{"start":{"line":51,"column":4},"end":{"line":51,"column":52}},"type":"if","locations":[{"start":{"line":51,"column":4},"end":{"line":51,"column":52}},{"start":{},"end":{}}],"line":51},"2":{"loc":{"start":{"line":54,"column":6},"end":{"line":58,"column":7}},"type":"if","locations":[{"start":{"line":54,"column":6},"end":{"line":58,"column":7}},{"start":{"line":56,"column":13},"end":{"line":58,"column":7}}],"line":54},"3":{"loc":{"start":{"line":56,"column":13},"end":{"line":58,"column":7}},"type":"if","locations":[{"start":{"line":56,"column":13},"end":{"line":58,"column":7}},{"start":{},"end":{}}],"line":56},"4":{"loc":{"start":{"line":70,"column":2},"end":{"line":74,"column":3}},"type":"if","locations":[{"start":{"line":70,"column":2},"end":{"line":74,"column":3}},{"start":{},"end":{}}],"line":70},"5":{"loc":{"start":{"line":77,"column":2},"end":{"line":84,"column":3}},"type":"if","locations":[{"start":{"line":77,"column":2},"end":{"line":84,"column":3}},{"start":{},"end":{}}],"line":77},"6":{"loc":{"start":{"line":78,"column":4},"end":{"line":79,"column":60}},"type":"binary-expr","locations":[{"start":{"line":78,"column":4},"end":{"line":78,"column":28}},{"start":{"line":79,"column":5},"end":{"line":79,"column":30}},{"start":{"line":79,"column":34},"end":{"line":79,"column":59}}],"line":78},"7":{"loc":{"start":{"line":97,"column":0},"end":{"line":102,"column":1}},"type":"if","locations":[{"start":{"line":97,"column":0},"end":{"line":102,"column":1}},{"start":{},"end":{}}],"line":97}},"s":{"0":1,"1":1,"2":1,"3":1,"4":1,"5":1,"6":1,"7":1,"8":1,"9":0,"10":0,"11":1,"12":1,"13":1,"14":1,"15":1,"16":1,"17":1,"18":2,"19":2,"20":1,"21":2,"22":2,"23":1,"24":1,"25":1,"26":2,"27":1,"28":1,"29":1,"30":3,"31":3,"32":1,"33":1,"34":1,"35":2,"36":2,"37":1,"38":1,"39":1,"40":1,"41":1,"42":1,"43":1,"44":1,"45":1,"46":1,"47":0,"48":0,"49":0,"50":1},"f":{"0":1,"1":1,"2":1,"3":2,"4":2,"5":3,"6":0},"b":{"0":[1,0],"1":[1,1],"2":[1,1],"3":[1,0],"4":[1,2],"5":[1,1],"6":[2,1,0],"7":[0,1]},"_coverageSchema":"1a1c01bbd47fc00a2c39e90264f33305004495a9","hash":"2a0673734a39775ca04da4f870f5ba4986ce86cd"}
}
