TN:
SF:prettier-diff-checker.js
FN:9,formatWithPrettier
FN:38,generateFormattedFile
FN:44,generateDiffFile
FN:49,(anonymous_3)
FN:53,(anonymous_4)
FN:68,runCLI
FN:98,(anonymous_6)
FNF:7
FNH:6
FNDA:1,formatWithPrettier
FNDA:1,generateFormattedFile
FNDA:1,generateDiffFile
FNDA:2,(anonymous_3)
FNDA:2,(anonymous_4)
FNDA:3,runCLI
FNDA:0,(anonymous_6)
DA:3,1
DA:4,1
DA:5,1
DA:6,1
DA:10,1
DA:11,1
DA:12,1
DA:23,1
DA:28,1
DA:33,0
DA:34,0
DA:39,1
DA:40,1
DA:41,1
DA:45,1
DA:46,1
DA:47,1
DA:49,1
DA:50,2
DA:51,2
DA:53,2
DA:54,2
DA:55,1
DA:56,1
DA:57,1
DA:59,2
DA:63,1
DA:64,1
DA:65,1
DA:69,3
DA:70,3
DA:71,1
DA:72,1
DA:73,1
DA:76,2
DA:77,2
DA:81,1
DA:82,1
DA:83,1
DA:86,1
DA:87,1
DA:89,1
DA:90,1
DA:92,1
DA:93,1
DA:97,1
DA:98,0
DA:99,0
DA:100,0
DA:105,1
LF:50
LH:45
BRDA:12,0,0,1
BRDA:12,0,1,0
BRDA:51,1,0,1
BRDA:51,1,1,1
BRDA:54,2,0,1
BRDA:54,2,1,1
BRDA:56,3,0,1
BRDA:56,3,1,0
BRDA:70,4,0,1
BRDA:70,4,1,2
BRDA:77,5,0,1
BRDA:77,5,1,1
BRDA:78,6,0,2
BRDA:78,6,1,1
BRDA:78,6,2,0
BRDA:97,7,0,0
BRDA:97,7,1,1
BRF:17
BRH:13
end_of_record
